{"timestamp":"2026-09-17T12:01:36.731+0530","agent":{"id":"002","name":"win10-ep01","ip":"172.20.10.13"},"manager":{"name":"project-IdeaPad-3-14ITL6"},"id":"1789626696.5043207","full_log":"{\"win\":{\"system\":{\"providerName\":\"Microsoft-Windows-Sysmon\",\"providerGuid\":\"{5770385f-c22a-43e0-bf4c-06f5698ffbd9}\",\"eventID\":\"3\",\"version\":\"5\",\"level\":\"4\",\"task\":\"3\",\"opcode\":\"0\",\"keywords\":\"0x8000000000000000\",\"systemTime\":\"2026-09-17T06:31:35.3810473Z\",\"eventRecordID\":\"5651\",\"processID\":\"2216\",\"threadID\":\"3636\",\"channel\":\"Microsoft-Windows-Sysmon/Operational\",\"computer\":\"DESKTOP-CGQ9K13\",\"severityValue\":\"INFORMATION\",\"message\":\"\\\"Network connection detected:\\r\\nRuleName: -\\r\\nUtcTime: 2026-09-17 06:31:34.354\\r\\nProcessGuid: {ac4ab14a-7528-6aab-0201-000000000d00}\\r\\nProcessId: 3780\\r\\nImage: C:\\\\Windows\\\\System32\\\\WindowsPowerShell\\\\v1.0\\\\powershell.exe\\r\\nUser: DESKTOP-CGQ9K13\\\\PROJECT\\r\\nProtocol: tcp\\r\\nInitiated: true\\r\\nSourceIsIpv6: false\\r\\nSourceIp: 172.20.10.13\\r\\nSourceHostname: DESKTOP-CGQ9K13\\r\\nSourcePort: 51585\\r\\nSourcePortName: -\\r\\nDestinationIsIpv6: false\\r\\nDestinationIp: 172.20.10.14\\r\\nDestinationHostname: -\\r\\nDestinationPort: 4444\\r\\nDestinationPortName: -\\\"\"},\"eventdata\":{\"utcTime\":\"2026-09-17 06:31:34.354\",\"processGuid\":\"{ac4ab14a-7528-6aab-0201-000000000d00}\",\"processId\":\"3780\",\"image\":\"C:\\\\\\\\Windows\\\\\\\\System32\\\\\\\\WindowsPowerShell\\\\\\\\v1.0\\\\\\\\powershell.exe\",\"user\":\"DESKTOP-CGQ9K13\\\\\\\\PROJECT\",\"protocol\":\"tcp\",\"initiated\":\"true\",\"sourceIsIpv6\":\"false\",\"sourceIp\":\"172.20.10.13\",\"sourceHostname\":\"DESKTOP-CGQ9K13\",\"sourcePort\":\"51585\",\"destinationIsIpv6\":\"false\",\"destinationIp\":\"172.20.10.14\",\"destinationPort\":\"4444\"}}}","decoder":{"name":"windows_eventchannel"},"data":{"win":{"system":{"providerName":"Microsoft-Windows-Sysmon","providerGuid":"{5770385f-c22a-43e0-bf4c-06f5698ffbd9}","eventID":"3","version":"5","level":"4","task":"3","opcode":"0","keywords":"0x8000000000000000","systemTime":"2026-09-17T06:31:35.3810473Z","eventRecordID":"5651","processID":"2216","threadID":"3636","channel":"Microsoft-Windows-Sysmon/Operational","computer":"DESKTOP-CGQ9K13","severityValue":"INFORMATION","message":"\"Network connection detected:\r\nRuleName: -\r\nUtcTime: 2026-09-17 06:31:34.354\r\nProcessGuid: {ac4ab14a-7528-6aab-0201-000000000d00}\r\nProcessId: 3780\r\nImage: C:\\Windows\\System32\\WindowsPowerShell\\v1.0\\powershell.exe\r\nUser: DESKTOP-CGQ9K13\\PROJECT\r\nProtocol: tcp\r\nInitiated: true\r\nSourceIsIpv6: false\r\nSourceIp: 172.20.10.13\r\nSourceHostname: DESKTOP-CGQ9K13\r\nSourcePort: 51585\r\nSourcePortName: -\r\nDestinationIsIpv6: false\r\nDestinationIp: 172.20.10.14\r\nDestinationHostname: -\r\nDestinationPort: 4444\r\nDestinationPortName: -\""},"eventdata":{"utcTime":"2026-09-17 06:31:34.354","processGuid":"{ac4ab14a-7528-6aab-0201-000000000d00}","processId":"3780","image":"C:\\\\Windows\\\\System32\\\\WindowsPowerShell\\\\v1.0\\\\powershell.exe","user":"DESKTOP-CGQ9K13\\\\PROJECT","protocol":"tcp","initiated":"true","sourceIsIpv6":"false","sourceIp":"172.20.10.13","sourceHostname":"DESKTOP-CGQ9K13","sourcePort":"51585","destinationIsIpv6":"false","destinationIp":"172.20.10.14","destinationPort":"4444"}}},"location":"EventChannel"}
{"timestamp":"2026-09-17T12:04:32.789+0530","agent":{"id":"002","name":"win10-ep01","ip":"172.20.10.13"},"manager":{"name":"project-IdeaPad-3-14ITL6"},"id":"1789626872.5047592","full_log":"{\"win\":{\"system\":{\"providerName\":\"Microsoft-Windows-Sysmon\",\"providerGuid\":\"{5770385f-c22a-43e0-bf4c-06f5698ffbd9}\",\"eventID\":\"3\",\"version\":\"5\",\"level\":\"4\",\"task\":\"3\",\"opcode\":\"0\",\"keywords\":\"0x8000000000000000\",\"systemTime\":\"2026-09-17T06:34:31.4400360Z\",\"eventRecordID\":\"5658\",\"processID\":\"2216\",\"threadID\":\"3636\",\"channel\":\"Microsoft-Windows-Sysmon/Operational\",\"computer\":\"DESKTOP-CGQ9K13\",\"severityValue\":\"INFORMATION\",\"message\":\"\\\"Network connection detected:\\r\\nRuleName: -\\r\\nUtcTime: 2026-09-17 06:34:29.379\\r\\nProcessGuid: {ac4ab14a-89f4-6aab-6a05-000000000d00}\\r\\nProcessId: 7216\\r\\nImage: C:\\\\Windows\\\\System32\\\\WindowsPowerShell\\\\v1.0\\\\powershell.exe\\r\\nUser: DESKTOP-CGQ9K13\\\\PROJECT\\r\\nProtocol: tcp\\r\\nInitiated: true\\r\\nSourceIsIpv6: false\\r\\nSourceIp: 172.20.10.13\\r\\nSourceHostname: DESKTOP-CGQ9K13\\r\\nSourcePort: 51591\\r\\nSourcePortName: -\\r\\nDestinationIsIpv6: false\\r\\nDestinationIp: 172.20.10.14\\r\\nDestinationHostname: -\\r\\nDestinationPort: 4444\\r\\nDestinationPortName: -\\\"\"},\"eventdata\":{\"utcTime\":\"2026-09-17 06:34:29.379\",\"processGuid\":\"{ac4ab14a-89f4-6aab-6a05-000000000d00}\",\"processId\":\"7216\",\"image\":\"C:\\\\\\\\Windows\\\\\\\\System32\\\\\\\\WindowsPowerShell\\\\\\\\v1.0\\\\\\\\powershell.exe\",\"user\":\"DESKTOP-CGQ9K13\\\\\\\\PROJECT\",\"protocol\":\"tcp\",\"initiated\":\"true\",\"sourceIsIpv6\":\"false\",\"sourceIp\":\"172.20.10.13\",\"sourceHostname\":\"DESKTOP-CGQ9K13\",\"sourcePort\":\"51591\",\"destinationIsIpv6\":\"false\",\"destinationIp\":\"172.20.10.14\",\"destinationPort\":\"4444\"}}}","decoder":{"name":"windows_eventchannel"},"data":{"win":{"system":{"providerName":"Microsoft-Windows-Sysmon","providerGuid":"{5770385f-c22a-43e0-bf4c-06f5698ffbd9}","eventID":"3","version":"5","level":"4","task":"3","opcode":"0","keywords":"0x8000000000000000","systemTime":"2026-09-17T06:34:31.4400360Z","eventRecordID":"5658","processID":"2216","threadID":"3636","channel":"Microsoft-Windows-Sysmon/Operational","computer":"DESKTOP-CGQ9K13","severityValue":"INFORMATION","message":"\"Network connection detected:\r\nRuleName: -\r\nUtcTime: 2026-09-17 06:34:29.379\r\nProcessGuid: {ac4ab14a-89f4-6aab-6a05-000000000d00}\r\nProcessId: 7216\r\nImage: C:\\Windows\\System32\\WindowsPowerShell\\v1.0\\powershell.exe\r\nUser: DESKTOP-CGQ9K13\\PROJECT\r\nProtocol: tcp\r\nInitiated: true\r\nSourceIsIpv6: false\r\nSourceIp: 172.20.10.13\r\nSourceHostname: DESKTOP-CGQ9K13\r\nSourcePort: 51591\r\nSourcePortName: -\r\nDestinationIsIpv6: false\r\nDestinationIp: 172.20.10.14\r\nDestinationHostname: -\r\nDestinationPort: 4444\r\nDestinationPortName: -\""},"eventdata":{"utcTime":"2026-09-17 06:34:29.379","processGuid":"{ac4ab14a-89f4-6aab-6a05-000000000d00}","processId":"7216","image":"C:\\\\Windows\\\\System32\\\\WindowsPowerShell\\\\v1.0\\\\powershell.exe","user":"DESKTOP-CGQ9K13\\\\PROJECT","protocol":"tcp","initiated":"true","sourceIsIpv6":"false","sourceIp":"172.20.10.13","sourceHostname":"DESKTOP-CGQ9K13","sourcePort":"51591","destinationIsIpv6":"false","destinationIp":"172.20.10.14","destinationPort":"4444"}}},"location":"EventChannel"}
