{"timestamp":"2026-09-21T10:56:05.185+0530","rule":{"level":12,"description":"DaC: PowerShell download cradle on DESKTOP-CGQ9K13 by DESKTOP-CGQ9K13\\\\PROJECT","id":"100121","mitre":{"id":["T1059.001","T1105"],"tactic":["Execution","Command and Control"],"technique":["PowerShell","Ingress Tool Transfer"]},"firedtimes":1,"mail":true,"groups":["local","dac","attack.t1059"]},"agent":{"id":"002","name":"win10-ep01","ip":"172.20.10.13"},"manager":{"name":"project-IdeaPad-3-14ITL6"},"id":"1789968365.460207","full_log":"{\"win\":{\"system\":{\"providerName\":\"Microsoft-Windows-Sysmon\",\"providerGuid\":\"{5770385f-c22a-43e0-bf4c-06f5698ffbd9}\",\"eventID\":\"1\",\"version\":\"5\",\"level\":\"4\",\"task\":\"1\",\"opcode\":\"0\",\"keywords\":\"0x8000000000000000\",\"systemTime\":\"2026-09-21T05:26:04.0360369Z\",\"eventRecordID\":\"12668\",\"processID\":\"2092\",\"threadID\":\"4140\",\"channel\":\"Microsoft-Windows-Sysmon/Operational\",\"computer\":\"DESKTOP-CGQ9K13\",\"severityValue\":\"INFORMATION\",\"message\":\"\\\"Process Create:\\r\\nRuleName: -\\r\\nUtcTime: 2026-09-21 05:26:04.017\\r\\nProcessGuid: {ac4ab14a-bfec-6ab0-db01-000000001500}\\r\\nProcessId: 2384\\r\\nImage: C:\\\\Windows\\\\System32\\\\WindowsPowerShell\\\\v1.0\\\\powershell.exe\\r\\nFileVersion: 10.0.19041.2913 (WinBuild.160101.0800)\\r\\nDescription: Windows PowerShell\\r\\nProduct: Microsoft® Windows® Operating System\\r\\nCompany: Microsoft Corporation\\r\\nOriginalFileName: PowerShell.EXE\\r\\nCommandLine: \\\"C:\\\\Windows\\\\System32\\\\WindowsPowerShell\\\\v1.0\\\\powershell.exe\\\" -c \\\"'Invoke-WebRequest downloadstring net.webclient' | Out-Null\\\"\\r\\nCurrentDirectory: C:\\\\Windows\\\\system32\\\\\\r\\nUser: DESKTOP-CGQ9K13\\\\PROJECT\\r\\nLogonGuid: {ac4ab14a-b924-6ab0-8d1b-030000000000}\\r\\nLogonId: 0x31B8D\\r\\nTerminalSessionId: 1\\r\\nIntegrityLevel: High\\r\\nHashes: MD5=BCF01E61144D6D6325650134823198B8,SHA256=B4E7BC24BF3F5C3DA2EB6E9EC5EC10F90099DEFA91B820F2F3FC70DD9E4785C4,IMPHASH=88CB9A420410BDA787E305B65518A934\\r\\nParentProcessGuid: {ac4ab14a-bf98-6ab0-bb01-000000001500}\\r\\nParentProcessId: 1760\\r\\nParentImage: C:\\\\Windows\\\\System32\\\\WindowsPowerShell\\\\v1.0\\\\powershell.exe\\r\\nParentCommandLine: \\\"C:\\\\Windows\\\\System32\\\\WindowsPowerShell\\\\v1.0\\\\powershell.exe\\\" \\r\\nParentUser: DESKTOP-CGQ9K13\\\\PROJECT\\\"\"},\"eventdata\":{\"utcTime\":\"2026-09-21 05:26:04.017\",\"processGuid\":\"{ac4ab14a-bfec-6ab0-db01-000000001500}\",\"processId\":\"2384\",\"image\":\"C:\\\\\\\\Windows\\\\\\\\System32\\\\\\\\WindowsPowerShell\\\\\\\\v1.0\\\\\\\\powershell.exe\",\"fileVersion\":\"10.0.19041.2913 (WinBuild.160101.0800)\",\"description\":\"Windows PowerShell\",\"product\":\"Microsoft® Windows® Operating System\",\"company\":\"Microsoft Corporation\",\"originalFileName\":\"PowerShell.EXE\",\"commandLine\":\"\\\\\\\"C:\\\\\\\\Windows\\\\\\\\System32\\\\\\\\WindowsPowerShell\\\\\\\\v1.0\\\\\\\\powershell.exe\\\\\\\" -c \\\\\\\"'Invoke-WebRequest downloadstring net.webclient' | Out-Null\\\\\\\"\",\"currentDirectory\":\"C:\\\\\\\\Windows\\\\\\\\system32\\\\\\\\\",\"user\":\"DESKTOP-CGQ9K13\\\\\\\\PROJECT\",\"logonGuid\":\"{ac4ab14a-b924-6ab0-8d1b-030000000000}\",\"logonId\":\"0x31b8d\",\"terminalSessionId\":\"1\",\"integrityLevel\":\"High\",\"hashes\":\"MD5=BCF01E61144D6D6325650134823198B8,SHA256=B4E7BC24BF3F5C3DA2EB6E9EC5EC10F90099DEFA91B820F2F3FC70DD9E4785C4,IMPHASH=88CB9A420410BDA787E305B65518A934\",\"parentProcessGuid\":\"{ac4ab14a-bf98-6ab0-bb01-000000001500}\",\"parentProcessId\":\"1760\",\"parentImage\":\"C:\\\\\\\\Windows\\\\\\\\System32\\\\\\\\WindowsPowerShell\\\\\\\\v1.0\\\\\\\\powershell.exe\",\"parentCommandLine\":\"\\\\\\\"C:\\\\\\\\Windows\\\\\\\\System32\\\\\\\\WindowsPowerShell\\\\\\\\v1.0\\\\\\\\powershell.exe\\\\\\\"\",\"parentUser\":\"DESKTOP-CGQ9K13\\\\\\\\PROJECT\"}}}","decoder":{"name":"windows_eventchannel"},"data":{"win":{"system":{"providerName":"Microsoft-Windows-Sysmon","providerGuid":"{5770385f-c22a-43e0-bf4c-06f5698ffbd9}","eventID":"1","version":"5","level":"4","task":"1","opcode":"0","keywords":"0x8000000000000000","systemTime":"2026-09-21T05:26:04.0360369Z","eventRecordID":"12668","processID":"2092","threadID":"4140","channel":"Microsoft-Windows-Sysmon/Operational","computer":"DESKTOP-CGQ9K13","severityValue":"INFORMATION","message":"\"Process Create:\r\nRuleName: -\r\nUtcTime: 2026-09-21 05:26:04.017\r\nProcessGuid: {ac4ab14a-bfec-6ab0-db01-000000001500}\r\nProcessId: 2384\r\nImage: C:\\Windows\\System32\\WindowsPowerShell\\v1.0\\powershell.exe\r\nFileVersion: 10.0.19041.2913 (WinBuild.160101.0800)\r\nDescription: Windows PowerShell\r\nProduct: Microsoft® Windows® Operating System\r\nCompany: Microsoft Corporation\r\nOriginalFileName: PowerShell.EXE\r\nCommandLine: \"C:\\Windows\\System32\\WindowsPowerShell\\v1.0\\powershell.exe\" -c \"'Invoke-WebRequest downloadstring net.webclient' | Out-Null\"\r\nCurrentDirectory: C:\\Windows\\system32\\\r\nUser: DESKTOP-CGQ9K13\\PROJECT\r\nLogonGuid: {ac4ab14a-b924-6ab0-8d1b-030000000000}\r\nLogonId: 0x31B8D\r\nTerminalSessionId: 1\r\nIntegrityLevel: High\r\nHashes: MD5=BCF01E61144D6D6325650134823198B8,SHA256=B4E7BC24BF3F5C3DA2EB6E9EC5EC10F90099DEFA91B820F2F3FC70DD9E4785C4,IMPHASH=88CB9A420410BDA787E305B65518A934\r\nParentProcessGuid: {ac4ab14a-bf98-6ab0-bb01-000000001500}\r\nParentProcessId: 1760\r\nParentImage: C:\\Windows\\System32\\WindowsPowerShell\\v1.0\\powershell.exe\r\nParentCommandLine: \"C:\\Windows\\System32\\WindowsPowerShell\\v1.0\\powershell.exe\" \r\nParentUser: DESKTOP-CGQ9K13\\PROJECT\""},"eventdata":{"utcTime":"2026-09-21 05:26:04.017","processGuid":"{ac4ab14a-bfec-6ab0-db01-000000001500}","processId":"2384","image":"C:\\\\Windows\\\\System32\\\\WindowsPowerShell\\\\v1.0\\\\powershell.exe","fileVersion":"10.0.19041.2913 (WinBuild.160101.0800)","description":"Windows PowerShell","product":"Microsoft® Windows® Operating System","company":"Microsoft Corporation","originalFileName":"PowerShell.EXE","commandLine":"\\\"C:\\\\Windows\\\\System32\\\\WindowsPowerShell\\\\v1.0\\\\powershell.exe\\\" -c \\\"'Invoke-WebRequest downloadstring net.webclient' | Out-Null\\\"","currentDirectory":"C:\\\\Windows\\\\system32\\\\","user":"DESKTOP-CGQ9K13\\\\PROJECT","logonGuid":"{ac4ab14a-b924-6ab0-8d1b-030000000000}","logonId":"0x31b8d","terminalSessionId":"1","integrityLevel":"High","hashes":"MD5=BCF01E61144D6D6325650134823198B8,SHA256=B4E7BC24BF3F5C3DA2EB6E9EC5EC10F90099DEFA91B820F2F3FC70DD9E4785C4,IMPHASH=88CB9A420410BDA787E305B65518A934","parentProcessGuid":"{ac4ab14a-bf98-6ab0-bb01-000000001500}","parentProcessId":"1760","parentImage":"C:\\\\Windows\\\\System32\\\\WindowsPowerShell\\\\v1.0\\\\powershell.exe","parentCommandLine":"\\\"C:\\\\Windows\\\\System32\\\\WindowsPowerShell\\\\v1.0\\\\powershell.exe\\\"","parentUser":"DESKTOP-CGQ9K13\\\\PROJECT"}}},"location":"EventChannel"}
{"timestamp":"2026-09-21T10:56:12.374+0530","rule":{"level":10,"description":"DaC: PowerShell stealth execution flags on DESKTOP-CGQ9K13 by DESKTOP-CGQ9K13\\\\PROJECT","id":"100122","mitre":{"id":["T1059.001"],"tactic":["Execution"],"technique":["PowerShell"]},"firedtimes":1,"mail":false,"groups":["local","dac","attack.t1059"]},"agent":{"id":"002","name":"win10-ep01","ip":"172.20.10.13"},"manager":{"name":"project-IdeaPad-3-14ITL6"},"id":"1789968372.468348","full_log":"{\"win\":{\"system\":{\"providerName\":\"Microsoft-Windows-Sysmon\",\"providerGuid\":\"{5770385f-c22a-43e0-bf4c-06f5698ffbd9}\",\"eventID\":\"1\",\"version\":\"5\",\"level\":\"4\",\"task\":\"1\",\"opcode\":\"0\",\"keywords\":\"0x8000000000000000\",\"systemTime\":\"2026-09-21T05:26:11.2392104Z\",\"eventRecordID\":\"12670\",\"processID\":\"2092\",\"threadID\":\"4140\",\"channel\":\"Microsoft-Windows-Sysmon/Operational\",\"computer\":\"DESKTOP-CGQ9K13\",\"severityValue\":\"INFORMATION\",\"message\":\"\\\"Process Create:\\r\\nRuleName: -\\r\\nUtcTime: 2026-09-21 05:26:11.220\\r\\nProcessGuid: {ac4ab14a-bff3-6ab0-dc01-000000001500}\\r\\nProcessId: 5896\\r\\nImage: C:\\\\Windows\\\\System32\\\\WindowsPowerShell\\\\v1.0\\\\powershell.exe\\r\\nFileVersion: 10.0.19041.2913 (WinBuild.160101.0800)\\r\\nDescription: Windows PowerShell\\r\\nProduct: Microsoft® Windows® Operating System\\r\\nCompany: Microsoft Corporation\\r\\nOriginalFileName: PowerShell.EXE\\r\\nCommandLine: \\\"C:\\\\Windows\\\\System32\\\\WindowsPowerShell\\\\v1.0\\\\powershell.exe\\\" -nop -w hidden -c \\\"Get-Date | Out-Null\\\"\\r\\nCurrentDirectory: C:\\\\Windows\\\\system32\\\\\\r\\nUser: DESKTOP-CGQ9K13\\\\PROJECT\\r\\nLogonGuid: {ac4ab14a-b924-6ab0-8d1b-030000000000}\\r\\nLogonId: 0x31B8D\\r\\nTerminalSessionId: 1\\r\\nIntegrityLevel: High\\r\\nHashes: MD5=BCF01E61144D6D6325650134823198B8,SHA256=B4E7BC24BF3F5C3DA2EB6E9EC5EC10F90099DEFA91B820F2F3FC70DD9E4785C4,IMPHASH=88CB9A420410BDA787E305B65518A934\\r\\nParentProcessGuid: {ac4ab14a-bf98-6ab0-bb01-000000001500}\\r\\nParentProcessId: 1760\\r\\nParentImage: C:\\\\Windows\\\\System32\\\\WindowsPowerShell\\\\v1.0\\\\powershell.exe\\r\\nParentCommandLine: \\\"C:\\\\Windows\\\\System32\\\\WindowsPowerShell\\\\v1.0\\\\powershell.exe\\\" \\r\\nParentUser: DESKTOP-CGQ9K13\\\\PROJECT\\\"\"},\"eventdata\":{\"utcTime\":\"2026-09-21 05:26:11.220\",\"processGuid\":\"{ac4ab14a-bff3-6ab0-dc01-000000001500}\",\"processId\":\"5896\",\"image\":\"C:\\\\\\\\Windows\\\\\\\\System32\\\\\\\\WindowsPowerShell\\\\\\\\v1.0\\\\\\\\powershell.exe\",\"fileVersion\":\"10.0.19041.2913 (WinBuild.160101.0800)\",\"description\":\"Windows PowerShell\",\"product\":\"Microsoft® Windows® Operating System\",\"company\":\"Microsoft Corporation\",\"originalFileName\":\"PowerShell.EXE\",\"commandLine\":\"\\\\\\\"C:\\\\\\\\Windows\\\\\\\\System32\\\\\\\\WindowsPowerShell\\\\\\\\v1.0\\\\\\\\powershell.exe\\\\\\\" -nop -w hidden -c \\\\\\\"Get-Date | Out-Null\\\\\\\"\",\"currentDirectory\":\"C:\\\\\\\\Windows\\\\\\\\system32\\\\\\\\\",\"user\":\"DESKTOP-CGQ9K13\\\\\\\\PROJECT\",\"logonGuid\":\"{ac4ab14a-b924-6ab0-8d1b-030000000000}\",\"logonId\":\"0x31b8d\",\"terminalSessionId\":\"1\",\"integrityLevel\":\"High\",\"hashes\":\"MD5=BCF01E61144D6D6325650134823198B8,SHA256=B4E7BC24BF3F5C3DA2EB6E9EC5EC10F90099DEFA91B820F2F3FC70DD9E4785C4,IMPHASH=88CB9A420410BDA787E305B65518A934\",\"parentProcessGuid\":\"{ac4ab14a-bf98-6ab0-bb01-000000001500}\",\"parentProcessId\":\"1760\",\"parentImage\":\"C:\\\\\\\\Windows\\\\\\\\System32\\\\\\\\WindowsPowerShell\\\\\\\\v1.0\\\\\\\\powershell.exe\",\"parentCommandLine\":\"\\\\\\\"C:\\\\\\\\Windows\\\\\\\\System32\\\\\\\\WindowsPowerShell\\\\\\\\v1.0\\\\\\\\powershell.exe\\\\\\\"\",\"parentUser\":\"DESKTOP-CGQ9K13\\\\\\\\PROJECT\"}}}","decoder":{"name":"windows_eventchannel"},"data":{"win":{"system":{"providerName":"Microsoft-Windows-Sysmon","providerGuid":"{5770385f-c22a-43e0-bf4c-06f5698ffbd9}","eventID":"1","version":"5","level":"4","task":"1","opcode":"0","keywords":"0x8000000000000000","systemTime":"2026-09-21T05:26:11.2392104Z","eventRecordID":"12670","processID":"2092","threadID":"4140","channel":"Microsoft-Windows-Sysmon/Operational","computer":"DESKTOP-CGQ9K13","severityValue":"INFORMATION","message":"\"Process Create:\r\nRuleName: -\r\nUtcTime: 2026-09-21 05:26:11.220\r\nProcessGuid: {ac4ab14a-bff3-6ab0-dc01-000000001500}\r\nProcessId: 5896\r\nImage: C:\\Windows\\System32\\WindowsPowerShell\\v1.0\\powershell.exe\r\nFileVersion: 10.0.19041.2913 (WinBuild.160101.0800)\r\nDescription: Windows PowerShell\r\nProduct: Microsoft® Windows® Operating System\r\nCompany: Microsoft Corporation\r\nOriginalFileName: PowerShell.EXE\r\nCommandLine: \"C:\\Windows\\System32\\WindowsPowerShell\\v1.0\\powershell.exe\" -nop -w hidden -c \"Get-Date | Out-Null\"\r\nCurrentDirectory: C:\\Windows\\system32\\\r\nUser: DESKTOP-CGQ9K13\\PROJECT\r\nLogonGuid: {ac4ab14a-b924-6ab0-8d1b-030000000000}\r\nLogonId: 0x31B8D\r\nTerminalSessionId: 1\r\nIntegrityLevel: High\r\nHashes: MD5=BCF01E61144D6D6325650134823198B8,SHA256=B4E7BC24BF3F5C3DA2EB6E9EC5EC10F90099DEFA91B820F2F3FC70DD9E4785C4,IMPHASH=88CB9A420410BDA787E305B65518A934\r\nParentProcessGuid: {ac4ab14a-bf98-6ab0-bb01-000000001500}\r\nParentProcessId: 1760\r\nParentImage: C:\\Windows\\System32\\WindowsPowerShell\\v1.0\\powershell.exe\r\nParentCommandLine: \"C:\\Windows\\System32\\WindowsPowerShell\\v1.0\\powershell.exe\" \r\nParentUser: DESKTOP-CGQ9K13\\PROJECT\""},"eventdata":{"utcTime":"2026-09-21 05:26:11.220","processGuid":"{ac4ab14a-bff3-6ab0-dc01-000000001500}","processId":"5896","image":"C:\\\\Windows\\\\System32\\\\WindowsPowerShell\\\\v1.0\\\\powershell.exe","fileVersion":"10.0.19041.2913 (WinBuild.160101.0800)","description":"Windows PowerShell","product":"Microsoft® Windows® Operating System","company":"Microsoft Corporation","originalFileName":"PowerShell.EXE","commandLine":"\\\"C:\\\\Windows\\\\System32\\\\WindowsPowerShell\\\\v1.0\\\\powershell.exe\\\" -nop -w hidden -c \\\"Get-Date | Out-Null\\\"","currentDirectory":"C:\\\\Windows\\\\system32\\\\","user":"DESKTOP-CGQ9K13\\\\PROJECT","logonGuid":"{ac4ab14a-b924-6ab0-8d1b-030000000000}","logonId":"0x31b8d","terminalSessionId":"1","integrityLevel":"High","hashes":"MD5=BCF01E61144D6D6325650134823198B8,SHA256=B4E7BC24BF3F5C3DA2EB6E9EC5EC10F90099DEFA91B820F2F3FC70DD9E4785C4,IMPHASH=88CB9A420410BDA787E305B65518A934","parentProcessGuid":"{ac4ab14a-bf98-6ab0-bb01-000000001500}","parentProcessId":"1760","parentImage":"C:\\\\Windows\\\\System32\\\\WindowsPowerShell\\\\v1.0\\\\powershell.exe","parentCommandLine":"\\\"C:\\\\Windows\\\\System32\\\\WindowsPowerShell\\\\v1.0\\\\powershell.exe\\\"","parentUser":"DESKTOP-CGQ9K13\\\\PROJECT"}}},"location":"EventChannel"}
{"timestamp":"2026-09-21T10:57:01.720+0530","rule":{"level":10,"description":"DaC: PowerShell stealth execution flags on DESKTOP-CGQ9K13 by DESKTOP-CGQ9K13\\\\PROJECT","id":"100122","mitre":{"id":["T1059.001"],"tactic":["Execution"],"technique":["PowerShell"]},"firedtimes":2,"mail":false,"groups":["local","dac","attack.t1059"]},"agent":{"id":"002","name":"win10-ep01","ip":"172.20.10.13"},"manager":{"name":"project-IdeaPad-3-14ITL6"},"id":"1789968421.482959","full_log":"{\"win\":{\"system\":{\"providerName\":\"Microsoft-Windows-Sysmon\",\"providerGuid\":\"{5770385f-c22a-43e0-bf4c-06f5698ffbd9}\",\"eventID\":\"1\",\"version\":\"5\",\"level\":\"4\",\"task\":\"1\",\"opcode\":\"0\",\"keywords\":\"0x8000000000000000\",\"systemTime\":\"2026-09-21T05:27:00.5851343Z\",\"eventRecordID\":\"12679\",\"processID\":\"2092\",\"threadID\":\"4140\",\"channel\":\"Microsoft-Windows-Sysmon/Operational\",\"computer\":\"DESKTOP-CGQ9K13\",\"severityValue\":\"INFORMATION\",\"message\":\"\\\"Process Create:\\r\\nRuleName: -\\r\\nUtcTime: 2026-09-21 05:27:00.571\\r\\nProcessGuid: {ac4ab14a-c024-6ab0-ec01-000000001500}\\r\\nProcessId: 7348\\r\\nImage: C:\\\\Windows\\\\System32\\\\WindowsPowerShell\\\\v1.0\\\\powershell.exe\\r\\nFileVersion: 10.0.19041.2913 (WinBuild.160101.0800)\\r\\nDescription: Windows PowerShell\\r\\nProduct: Microsoft® Windows® Operating System\\r\\nCompany: Microsoft Corporation\\r\\nOriginalFileName: PowerShell.EXE\\r\\nCommandLine: \\\"C:\\\\Windows\\\\System32\\\\WindowsPowerShell\\\\v1.0\\\\powershell.exe\\\" -nop -w hidden -c \\\"Get-Date | Out-Null\\\"\\r\\nCurrentDirectory: C:\\\\Windows\\\\system32\\\\\\r\\nUser: DESKTOP-CGQ9K13\\\\PROJECT\\r\\nLogonGuid: {ac4ab14a-b924-6ab0-8d1b-030000000000}\\r\\nLogonId: 0x31B8D\\r\\nTerminalSessionId: 1\\r\\nIntegrityLevel: High\\r\\nHashes: MD5=BCF01E61144D6D6325650134823198B8,SHA256=B4E7BC24BF3F5C3DA2EB6E9EC5EC10F90099DEFA91B820F2F3FC70DD9E4785C4,IMPHASH=88CB9A420410BDA787E305B65518A934\\r\\nParentProcessGuid: {ac4ab14a-c01e-6ab0-e801-000000001500}\\r\\nParentProcessId: 2020\\r\\nParentImage: C:\\\\Windows\\\\System32\\\\WindowsPowerShell\\\\v1.0\\\\powershell.exe\\r\\nParentCommandLine: \\\"C:\\\\Windows\\\\System32\\\\WindowsPowerShell\\\\v1.0\\\\powershell.exe\\\" \\r\\nParentUser: DESKTOP-CGQ9K13\\\\PROJECT\\\"\"},\"eventdata\":{\"utcTime\":\"2026-09-21 05:27:00.571\",\"processGuid\":\"{ac4ab14a-c024-6ab0-ec01-000000001500}\",\"processId\":\"7348\",\"image\":\"C:\\\\\\\\Windows\\\\\\\\System32\\\\\\\\WindowsPowerShell\\\\\\\\v1.0\\\\\\\\powershell.exe\",\"fileVersion\":\"10.0.19041.2913 (WinBuild.160101.0800)\",\"description\":\"Windows PowerShell\",\"product\":\"Microsoft® Windows® Operating System\",\"company\":\"Microsoft Corporation\",\"originalFileName\":\"PowerShell.EXE\",\"commandLine\":\"\\\\\\\"C:\\\\\\\\Windows\\\\\\\\System32\\\\\\\\WindowsPowerShell\\\\\\\\v1.0\\\\\\\\powershell.exe\\\\\\\" -nop -w hidden -c \\\\\\\"Get-Date | Out-Null\\\\\\\"\",\"currentDirectory\":\"C:\\\\\\\\Windows\\\\\\\\system32\\\\\\\\\",\"user\":\"DESKTOP-CGQ9K13\\\\\\\\PROJECT\",\"logonGuid\":\"{ac4ab14a-b924-6ab0-8d1b-030000000000}\",\"logonId\":\"0x31b8d\",\"terminalSessionId\":\"1\",\"integrityLevel\":\"High\",\"hashes\":\"MD5=BCF01E61144D6D6325650134823198B8,SHA256=B4E7BC24BF3F5C3DA2EB6E9EC5EC10F90099DEFA91B820F2F3FC70DD9E4785C4,IMPHASH=88CB9A420410BDA787E305B65518A934\",\"parentProcessGuid\":\"{ac4ab14a-c01e-6ab0-e801-000000001500}\",\"parentProcessId\":\"2020\",\"parentImage\":\"C:\\\\\\\\Windows\\\\\\\\System32\\\\\\\\WindowsPowerShell\\\\\\\\v1.0\\\\\\\\powershell.exe\",\"parentCommandLine\":\"\\\\\\\"C:\\\\\\\\Windows\\\\\\\\System32\\\\\\\\WindowsPowerShell\\\\\\\\v1.0\\\\\\\\powershell.exe\\\\\\\"\",\"parentUser\":\"DESKTOP-CGQ9K13\\\\\\\\PROJECT\"}}}","decoder":{"name":"windows_eventchannel"},"data":{"win":{"system":{"providerName":"Microsoft-Windows-Sysmon","providerGuid":"{5770385f-c22a-43e0-bf4c-06f5698ffbd9}","eventID":"1","version":"5","level":"4","task":"1","opcode":"0","keywords":"0x8000000000000000","systemTime":"2026-09-21T05:27:00.5851343Z","eventRecordID":"12679","processID":"2092","threadID":"4140","channel":"Microsoft-Windows-Sysmon/Operational","computer":"DESKTOP-CGQ9K13","severityValue":"INFORMATION","message":"\"Process Create:\r\nRuleName: -\r\nUtcTime: 2026-09-21 05:27:00.571\r\nProcessGuid: {ac4ab14a-c024-6ab0-ec01-000000001500}\r\nProcessId: 7348\r\nImage: C:\\Windows\\System32\\WindowsPowerShell\\v1.0\\powershell.exe\r\nFileVersion: 10.0.19041.2913 (WinBuild.160101.0800)\r\nDescription: Windows PowerShell\r\nProduct: Microsoft® Windows® Operating System\r\nCompany: Microsoft Corporation\r\nOriginalFileName: PowerShell.EXE\r\nCommandLine: \"C:\\Windows\\System32\\WindowsPowerShell\\v1.0\\powershell.exe\" -nop -w hidden -c \"Get-Date | Out-Null\"\r\nCurrentDirectory: C:\\Windows\\system32\\\r\nUser: DESKTOP-CGQ9K13\\PROJECT\r\nLogonGuid: {ac4ab14a-b924-6ab0-8d1b-030000000000}\r\nLogonId: 0x31B8D\r\nTerminalSessionId: 1\r\nIntegrityLevel: High\r\nHashes: MD5=BCF01E61144D6D6325650134823198B8,SHA256=B4E7BC24BF3F5C3DA2EB6E9EC5EC10F90099DEFA91B820F2F3FC70DD9E4785C4,IMPHASH=88CB9A420410BDA787E305B65518A934\r\nParentProcessGuid: {ac4ab14a-c01e-6ab0-e801-000000001500}\r\nParentProcessId: 2020\r\nParentImage: C:\\Windows\\System32\\WindowsPowerShell\\v1.0\\powershell.exe\r\nParentCommandLine: \"C:\\Windows\\System32\\WindowsPowerShell\\v1.0\\powershell.exe\" \r\nParentUser: DESKTOP-CGQ9K13\\PROJECT\""},"eventdata":{"utcTime":"2026-09-21 05:27:00.571","processGuid":"{ac4ab14a-c024-6ab0-ec01-000000001500}","processId":"7348","image":"C:\\\\Windows\\\\System32\\\\WindowsPowerShell\\\\v1.0\\\\powershell.exe","fileVersion":"10.0.19041.2913 (WinBuild.160101.0800)","description":"Windows PowerShell","product":"Microsoft® Windows® Operating System","company":"Microsoft Corporation","originalFileName":"PowerShell.EXE","commandLine":"\\\"C:\\\\Windows\\\\System32\\\\WindowsPowerShell\\\\v1.0\\\\powershell.exe\\\" -nop -w hidden -c \\\"Get-Date | Out-Null\\\"","currentDirectory":"C:\\\\Windows\\\\system32\\\\","user":"DESKTOP-CGQ9K13\\\\PROJECT","logonGuid":"{ac4ab14a-b924-6ab0-8d1b-030000000000}","logonId":"0x31b8d","terminalSessionId":"1","integrityLevel":"High","hashes":"MD5=BCF01E61144D6D6325650134823198B8,SHA256=B4E7BC24BF3F5C3DA2EB6E9EC5EC10F90099DEFA91B820F2F3FC70DD9E4785C4,IMPHASH=88CB9A420410BDA787E305B65518A934","parentProcessGuid":"{ac4ab14a-c01e-6ab0-e801-000000001500}","parentProcessId":"2020","parentImage":"C:\\\\Windows\\\\System32\\\\WindowsPowerShell\\\\v1.0\\\\powershell.exe","parentCommandLine":"\\\"C:\\\\Windows\\\\System32\\\\WindowsPowerShell\\\\v1.0\\\\powershell.exe\\\"","parentUser":"DESKTOP-CGQ9K13\\\\PROJECT"}}},"location":"EventChannel"}
{"timestamp":"2026-09-21T10:57:20.993+0530","rule":{"level":12,"description":"DaC: PowerShell in-memory execution primitive on DESKTOP-CGQ9K13","id":"100123","mitre":{"id":["T1059.001"],"tactic":["Execution"],"technique":["PowerShell"]},"firedtimes":1,"mail":true,"groups":["local","dac","attack.t1059"]},"agent":{"id":"002","name":"win10-ep01","ip":"172.20.10.13"},"manager":{"name":"project-IdeaPad-3-14ITL6"},"id":"1789968440.494772","full_log":"{\"win\":{\"system\":{\"providerName\":\"Microsoft-Windows-Sysmon\",\"providerGuid\":\"{5770385f-c22a-43e0-bf4c-06f5698ffbd9}\",\"eventID\":\"1\",\"version\":\"5\",\"level\":\"4\",\"task\":\"1\",\"opcode\":\"0\",\"keywords\":\"0x8000000000000000\",\"systemTime\":\"2026-09-21T05:27:19.8415806Z\",\"eventRecordID\":\"12684\",\"processID\":\"2092\",\"threadID\":\"4140\",\"channel\":\"Microsoft-Windows-Sysmon/Operational\",\"computer\":\"DESKTOP-CGQ9K13\",\"severityValue\":\"INFORMATION\",\"message\":\"\\\"Process Create:\\r\\nRuleName: -\\r\\nUtcTime: 2026-09-21 05:27:19.818\\r\\nProcessGuid: {ac4ab14a-c037-6ab0-fc01-000000001500}\\r\\nProcessId: 2768\\r\\nImage: C:\\\\Windows\\\\System32\\\\WindowsPowerShell\\\\v1.0\\\\powershell.exe\\r\\nFileVersion: 10.0.19041.2913 (WinBuild.160101.0800)\\r\\nDescription: Windows PowerShell\\r\\nProduct: Microsoft® Windows® Operating System\\r\\nCompany: Microsoft Corporation\\r\\nOriginalFileName: PowerShell.EXE\\r\\nCommandLine: \\\"C:\\\\Windows\\\\System32\\\\WindowsPowerShell\\\\v1.0\\\\powershell.exe\\\" -c \\\"'iex invoke-expression' | Out-Null\\\"\\r\\nCurrentDirectory: C:\\\\Windows\\\\system32\\\\\\r\\nUser: DESKTOP-CGQ9K13\\\\PROJECT\\r\\nLogonGuid: {ac4ab14a-b924-6ab0-8d1b-030000000000}\\r\\nLogonId: 0x31B8D\\r\\nTerminalSessionId: 1\\r\\nIntegrityLevel: High\\r\\nHashes: MD5=BCF01E61144D6D6325650134823198B8,SHA256=B4E7BC24BF3F5C3DA2EB6E9EC5EC10F90099DEFA91B820F2F3FC70DD9E4785C4,IMPHASH=88CB9A420410BDA787E305B65518A934\\r\\nParentProcessGuid: {ac4ab14a-c02e-6ab0-ef01-000000001500}\\r\\nParentProcessId: 4332\\r\\nParentImage: C:\\\\Windows\\\\System32\\\\WindowsPowerShell\\\\v1.0\\\\powershell.exe\\r\\nParentCommandLine: \\\"C:\\\\Windows\\\\System32\\\\WindowsPowerShell\\\\v1.0\\\\powershell.exe\\\" \\r\\nParentUser: DESKTOP-CGQ9K13\\\\PROJECT\\\"\"},\"eventdata\":{\"utcTime\":\"2026-09-21 05:27:19.818\",\"processGuid\":\"{ac4ab14a-c037-6ab0-fc01-000000001500}\",\"processId\":\"2768\",\"image\":\"C:\\\\\\\\Windows\\\\\\\\System32\\\\\\\\WindowsPowerShell\\\\\\\\v1.0\\\\\\\\powershell.exe\",\"fileVersion\":\"10.0.19041.2913 (WinBuild.160101.0800)\",\"description\":\"Windows PowerShell\",\"product\":\"Microsoft® Windows® Operating System\",\"company\":\"Microsoft Corporation\",\"originalFileName\":\"PowerShell.EXE\",\"commandLine\":\"\\\\\\\"C:\\\\\\\\Windows\\\\\\\\System32\\\\\\\\WindowsPowerShell\\\\\\\\v1.0\\\\\\\\powershell.exe\\\\\\\" -c \\\\\\\"'iex invoke-expression' | Out-Null\\\\\\\"\",\"currentDirectory\":\"C:\\\\\\\\Windows\\\\\\\\system32\\\\\\\\\",\"user\":\"DESKTOP-CGQ9K13\\\\\\\\PROJECT\",\"logonGuid\":\"{ac4ab14a-b924-6ab0-8d1b-030000000000}\",\"logonId\":\"0x31b8d\",\"terminalSessionId\":\"1\",\"integrityLevel\":\"High\",\"hashes\":\"MD5=BCF01E61144D6D6325650134823198B8,SHA256=B4E7BC24BF3F5C3DA2EB6E9EC5EC10F90099DEFA91B820F2F3FC70DD9E4785C4,IMPHASH=88CB9A420410BDA787E305B65518A934\",\"parentProcessGuid\":\"{ac4ab14a-c02e-6ab0-ef01-000000001500}\",\"parentProcessId\":\"4332\",\"parentImage\":\"C:\\\\\\\\Windows\\\\\\\\System32\\\\\\\\WindowsPowerShell\\\\\\\\v1.0\\\\\\\\powershell.exe\",\"parentCommandLine\":\"\\\\\\\"C:\\\\\\\\Windows\\\\\\\\System32\\\\\\\\WindowsPowerShell\\\\\\\\v1.0\\\\\\\\powershell.exe\\\\\\\"\",\"parentUser\":\"DESKTOP-CGQ9K13\\\\\\\\PROJECT\"}}}","decoder":{"name":"windows_eventchannel"},"data":{"win":{"system":{"providerName":"Microsoft-Windows-Sysmon","providerGuid":"{5770385f-c22a-43e0-bf4c-06f5698ffbd9}","eventID":"1","version":"5","level":"4","task":"1","opcode":"0","keywords":"0x8000000000000000","systemTime":"2026-09-21T05:27:19.8415806Z","eventRecordID":"12684","processID":"2092","threadID":"4140","channel":"Microsoft-Windows-Sysmon/Operational","computer":"DESKTOP-CGQ9K13","severityValue":"INFORMATION","message":"\"Process Create:\r\nRuleName: -\r\nUtcTime: 2026-09-21 05:27:19.818\r\nProcessGuid: {ac4ab14a-c037-6ab0-fc01-000000001500}\r\nProcessId: 2768\r\nImage: C:\\Windows\\System32\\WindowsPowerShell\\v1.0\\powershell.exe\r\nFileVersion: 10.0.19041.2913 (WinBuild.160101.0800)\r\nDescription: Windows PowerShell\r\nProduct: Microsoft® Windows® Operating System\r\nCompany: Microsoft Corporation\r\nOriginalFileName: PowerShell.EXE\r\nCommandLine: \"C:\\Windows\\System32\\WindowsPowerShell\\v1.0\\powershell.exe\" -c \"'iex invoke-expression' | Out-Null\"\r\nCurrentDirectory: C:\\Windows\\system32\\\r\nUser: DESKTOP-CGQ9K13\\PROJECT\r\nLogonGuid: {ac4ab14a-b924-6ab0-8d1b-030000000000}\r\nLogonId: 0x31B8D\r\nTerminalSessionId: 1\r\nIntegrityLevel: High\r\nHashes: MD5=BCF01E61144D6D6325650134823198B8,SHA256=B4E7BC24BF3F5C3DA2EB6E9EC5EC10F90099DEFA91B820F2F3FC70DD9E4785C4,IMPHASH=88CB9A420410BDA787E305B65518A934\r\nParentProcessGuid: {ac4ab14a-c02e-6ab0-ef01-000000001500}\r\nParentProcessId: 4332\r\nParentImage: C:\\Windows\\System32\\WindowsPowerShell\\v1.0\\powershell.exe\r\nParentCommandLine: \"C:\\Windows\\System32\\WindowsPowerShell\\v1.0\\powershell.exe\" \r\nParentUser: DESKTOP-CGQ9K13\\PROJECT\""},"eventdata":{"utcTime":"2026-09-21 05:27:19.818","processGuid":"{ac4ab14a-c037-6ab0-fc01-000000001500}","processId":"2768","image":"C:\\\\Windows\\\\System32\\\\WindowsPowerShell\\\\v1.0\\\\powershell.exe","fileVersion":"10.0.19041.2913 (WinBuild.160101.0800)","description":"Windows PowerShell","product":"Microsoft® Windows® Operating System","company":"Microsoft Corporation","originalFileName":"PowerShell.EXE","commandLine":"\\\"C:\\\\Windows\\\\System32\\\\WindowsPowerShell\\\\v1.0\\\\powershell.exe\\\" -c \\\"'iex invoke-expression' | Out-Null\\\"","currentDirectory":"C:\\\\Windows\\\\system32\\\\","user":"DESKTOP-CGQ9K13\\\\PROJECT","logonGuid":"{ac4ab14a-b924-6ab0-8d1b-030000000000}","logonId":"0x31b8d","terminalSessionId":"1","integrityLevel":"High","hashes":"MD5=BCF01E61144D6D6325650134823198B8,SHA256=B4E7BC24BF3F5C3DA2EB6E9EC5EC10F90099DEFA91B820F2F3FC70DD9E4785C4,IMPHASH=88CB9A420410BDA787E305B65518A934","parentProcessGuid":"{ac4ab14a-c02e-6ab0-ef01-000000001500}","parentProcessId":"4332","parentImage":"C:\\\\Windows\\\\System32\\\\WindowsPowerShell\\\\v1.0\\\\powershell.exe","parentCommandLine":"\\\"C:\\\\Windows\\\\System32\\\\WindowsPowerShell\\\\v1.0\\\\powershell.exe\\\"","parentUser":"DESKTOP-CGQ9K13\\\\PROJECT"}}},"location":"EventChannel"}
{"timestamp":"2026-09-21T11:26:26.590+0530","rule":{"level":12,"description":"DaC: Encoded PowerShell command on DESKTOP-CGQ9K13 by DESKTOP-CGQ9K13\\\\PROJECT","id":"100120","mitre":{"id":["T1059.001","T1027"],"tactic":["Execution","Defense Evasion"],"technique":["PowerShell","Obfuscated Files or Information"]},"firedtimes":1,"mail":true,"groups":["local","dac","attack.t1059"]},"agent":{"id":"002","name":"win10-ep01","ip":"172.20.10.13"},"manager":{"name":"project-IdeaPad-3-14ITL6"},"id":"1789970186.588681","full_log":"{\"win\":{\"system\":{\"providerName\":\"Microsoft-Windows-Sysmon\",\"providerGuid\":\"{5770385f-c22a-43e0-bf4c-06f5698ffbd9}\",\"eventID\":\"1\",\"version\":\"5\",\"level\":\"4\",\"task\":\"1\",\"opcode\":\"0\",\"keywords\":\"0x8000000000000000\",\"systemTime\":\"2026-09-21T05:56:25.4112510Z\",\"eventRecordID\":\"12757\",\"processID\":\"2092\",\"threadID\":\"4140\",\"channel\":\"Microsoft-Windows-Sysmon/Operational\",\"computer\":\"DESKTOP-CGQ9K13\",\"severityValue\":\"INFORMATION\",\"message\":\"\\\"Process Create:\\r\\nRuleName: -\\r\\nUtcTime: 2026-09-21 05:56:25.397\\r\\nProcessGuid: {ac4ab14a-c709-6ab0-3802-000000001500}\\r\\nProcessId: 7472\\r\\nImage: C:\\\\Windows\\\\System32\\\\WindowsPowerShell\\\\v1.0\\\\powershell.exe\\r\\nFileVersion: 10.0.19041.2913 (WinBuild.160101.0800)\\r\\nDescription: Windows PowerShell\\r\\nProduct: Microsoft® Windows® Operating System\\r\\nCompany: Microsoft Corporation\\r\\nOriginalFileName: PowerShell.EXE\\r\\nCommandLine: powershell  -EncodedCommand VwByAGkAdABlAC0ATwB1AHQAcAB1AHQAIABoAGkA\\r\\nCurrentDirectory: C:\\\\Windows\\\\system32\\\\\\r\\nUser: DESKTOP-CGQ9K13\\\\PROJECT\\r\\nLogonGuid: {ac4ab14a-b924-6ab0-8d1b-030000000000}\\r\\nLogonId: 0x31B8D\\r\\nTerminalSessionId: 1\\r\\nIntegrityLevel: High\\r\\nHashes: MD5=BCF01E61144D6D6325650134823198B8,SHA256=B4E7BC24BF3F5C3DA2EB6E9EC5EC10F90099DEFA91B820F2F3FC70DD9E4785C4,IMPHASH=88CB9A420410BDA787E305B65518A934\\r\\nParentProcessGuid: {ac4ab14a-c6e9-6ab0-3602-000000001500}\\r\\nParentProcessId: 6560\\r\\nParentImage: C:\\\\Windows\\\\System32\\\\cmd.exe\\r\\nParentCommandLine: \\\"C:\\\\Windows\\\\system32\\\\cmd.exe\\\" \\r\\nParentUser: DESKTOP-CGQ9K13\\\\PROJECT\\\"\"},\"eventdata\":{\"utcTime\":\"2026-09-21 05:56:25.397\",\"processGuid\":\"{ac4ab14a-c709-6ab0-3802-000000001500}\",\"processId\":\"7472\",\"image\":\"C:\\\\\\\\Windows\\\\\\\\System32\\\\\\\\WindowsPowerShell\\\\\\\\v1.0\\\\\\\\powershell.exe\",\"fileVersion\":\"10.0.19041.2913 (WinBuild.160101.0800)\",\"description\":\"Windows PowerShell\",\"product\":\"Microsoft® Windows® Operating System\",\"company\":\"Microsoft Corporation\",\"originalFileName\":\"PowerShell.EXE\",\"commandLine\":\"powershell  -EncodedCommand VwByAGkAdABlAC0ATwB1AHQAcAB1AHQAIABoAGkA\",\"currentDirectory\":\"C:\\\\\\\\Windows\\\\\\\\system32\\\\\\\\\",\"user\":\"DESKTOP-CGQ9K13\\\\\\\\PROJECT\",\"logonGuid\":\"{ac4ab14a-b924-6ab0-8d1b-030000000000}\",\"logonId\":\"0x31b8d\",\"terminalSessionId\":\"1\",\"integrityLevel\":\"High\",\"hashes\":\"MD5=BCF01E61144D6D6325650134823198B8,SHA256=B4E7BC24BF3F5C3DA2EB6E9EC5EC10F90099DEFA91B820F2F3FC70DD9E4785C4,IMPHASH=88CB9A420410BDA787E305B65518A934\",\"parentProcessGuid\":\"{ac4ab14a-c6e9-6ab0-3602-000000001500}\",\"parentProcessId\":\"6560\",\"parentImage\":\"C:\\\\\\\\Windows\\\\\\\\System32\\\\\\\\cmd.exe\",\"parentCommandLine\":\"\\\\\\\"C:\\\\\\\\Windows\\\\\\\\system32\\\\\\\\cmd.exe\\\\\\\"\",\"parentUser\":\"DESKTOP-CGQ9K13\\\\\\\\PROJECT\"}}}","decoder":{"name":"windows_eventchannel"},"data":{"win":{"system":{"providerName":"Microsoft-Windows-Sysmon","providerGuid":"{5770385f-c22a-43e0-bf4c-06f5698ffbd9}","eventID":"1","version":"5","level":"4","task":"1","opcode":"0","keywords":"0x8000000000000000","systemTime":"2026-09-21T05:56:25.4112510Z","eventRecordID":"12757","processID":"2092","threadID":"4140","channel":"Microsoft-Windows-Sysmon/Operational","computer":"DESKTOP-CGQ9K13","severityValue":"INFORMATION","message":"\"Process Create:\r\nRuleName: -\r\nUtcTime: 2026-09-21 05:56:25.397\r\nProcessGuid: {ac4ab14a-c709-6ab0-3802-000000001500}\r\nProcessId: 7472\r\nImage: C:\\Windows\\System32\\WindowsPowerShell\\v1.0\\powershell.exe\r\nFileVersion: 10.0.19041.2913 (WinBuild.160101.0800)\r\nDescription: Windows PowerShell\r\nProduct: Microsoft® Windows® Operating System\r\nCompany: Microsoft Corporation\r\nOriginalFileName: PowerShell.EXE\r\nCommandLine: powershell  -EncodedCommand VwByAGkAdABlAC0ATwB1AHQAcAB1AHQAIABoAGkA\r\nCurrentDirectory: C:\\Windows\\system32\\\r\nUser: DESKTOP-CGQ9K13\\PROJECT\r\nLogonGuid: {ac4ab14a-b924-6ab0-8d1b-030000000000}\r\nLogonId: 0x31B8D\r\nTerminalSessionId: 1\r\nIntegrityLevel: High\r\nHashes: MD5=BCF01E61144D6D6325650134823198B8,SHA256=B4E7BC24BF3F5C3DA2EB6E9EC5EC10F90099DEFA91B820F2F3FC70DD9E4785C4,IMPHASH=88CB9A420410BDA787E305B65518A934\r\nParentProcessGuid: {ac4ab14a-c6e9-6ab0-3602-000000001500}\r\nParentProcessId: 6560\r\nParentImage: C:\\Windows\\System32\\cmd.exe\r\nParentCommandLine: \"C:\\Windows\\system32\\cmd.exe\" \r\nParentUser: DESKTOP-CGQ9K13\\PROJECT\""},"eventdata":{"utcTime":"2026-09-21 05:56:25.397","processGuid":"{ac4ab14a-c709-6ab0-3802-000000001500}","processId":"7472","image":"C:\\\\Windows\\\\System32\\\\WindowsPowerShell\\\\v1.0\\\\powershell.exe","fileVersion":"10.0.19041.2913 (WinBuild.160101.0800)","description":"Windows PowerShell","product":"Microsoft® Windows® Operating System","company":"Microsoft Corporation","originalFileName":"PowerShell.EXE","commandLine":"powershell  -EncodedCommand VwByAGkAdABlAC0ATwB1AHQAcAB1AHQAIABoAGkA","currentDirectory":"C:\\\\Windows\\\\system32\\\\","user":"DESKTOP-CGQ9K13\\\\PROJECT","logonGuid":"{ac4ab14a-b924-6ab0-8d1b-030000000000}","logonId":"0x31b8d","terminalSessionId":"1","integrityLevel":"High","hashes":"MD5=BCF01E61144D6D6325650134823198B8,SHA256=B4E7BC24BF3F5C3DA2EB6E9EC5EC10F90099DEFA91B820F2F3FC70DD9E4785C4,IMPHASH=88CB9A420410BDA787E305B65518A934","parentProcessGuid":"{ac4ab14a-c6e9-6ab0-3602-000000001500}","parentProcessId":"6560","parentImage":"C:\\\\Windows\\\\System32\\\\cmd.exe","parentCommandLine":"\\\"C:\\\\Windows\\\\system32\\\\cmd.exe\\\"","parentUser":"DESKTOP-CGQ9K13\\\\PROJECT"}}},"location":"EventChannel"}
